<?xml version="1.0" encoding="UTF-8" ?>
<testsuite errors="0" failures="0" hostname="sausage.cs.byu.edu" name="shared.Testing2" skipped="0" tests="5" time="0.012" timestamp="2015-02-06T18:00:08">
  <properties>
[...]
</properties>
  <testcase classname="shared.Testing2" name="canBuildSettlement" time="0.005" />
  <testcase classname="shared.Testing2" name="setup" time="0.0" />
  <testcase classname="shared.Testing2" name="canMaritimeTrade" time="0.001" />
  <testcase classname="shared.Testing2" name="canBuildCity" time="0.0" />
  <testcase classname="shared.Testing2" name="canBuildRoad" time="0.0" />
  <system-out><![CDATA[]]></system-out>
  <system-err><![CDATA[]]></system-err>
</testsuite>
